0 info it worked if it ends with ok
1 verbose cli [ '/usr/local/Cellar/node/0.10.17/bin/node',
1 verbose cli   '/usr/local/bin/npm',
1 verbose cli   'outdated' ]
2 info using npm@1.3.8
3 info using node@v0.10.17
4 verbose cache add [ 'canvas', '~1.0.2' ]
5 verbose cache add name="canvas" spec="~1.0.2" args=["canvas","~1.0.2"]
6 verbose parsed url { protocol: null,
6 verbose parsed url   slashes: null,
6 verbose parsed url   auth: null,
6 verbose parsed url   host: null,
6 verbose parsed url   port: null,
6 verbose parsed url   hostname: null,
6 verbose parsed url   hash: null,
6 verbose parsed url   search: null,
6 verbose parsed url   query: null,
6 verbose parsed url   pathname: '~1.0.2',
6 verbose parsed url   path: '~1.0.2',
6 verbose parsed url   href: '~1.0.2' }
7 verbose addNamed [ 'canvas', '~1.0.2' ]
8 verbose addNamed [ null, '>=1.0.2-0 <1.1.0-0' ]
9 verbose cache add [ 'commander', '~1.1.1' ]
10 verbose cache add name="commander" spec="~1.1.1" args=["commander","~1.1.1"]
11 verbose parsed url { protocol: null,
11 verbose parsed url   slashes: null,
11 verbose parsed url   auth: null,
11 verbose parsed url   host: null,
11 verbose parsed url   port: null,
11 verbose parsed url   hostname: null,
11 verbose parsed url   hash: null,
11 verbose parsed url   search: null,
11 verbose parsed url   query: null,
11 verbose parsed url   pathname: '~1.1.1',
11 verbose parsed url   path: '~1.1.1',
11 verbose parsed url   href: '~1.1.1' }
12 verbose addNamed [ 'commander', '~1.1.1' ]
13 verbose addNamed [ null, '>=1.1.1-0 <1.2.0-0' ]
14 verbose cache add [ 'coffee-script', '*' ]
15 verbose cache add name="coffee-script" spec="*" args=["coffee-script","*"]
16 verbose parsed url { protocol: null,
16 verbose parsed url   slashes: null,
16 verbose parsed url   auth: null,
16 verbose parsed url   host: null,
16 verbose parsed url   port: null,
16 verbose parsed url   hostname: null,
16 verbose parsed url   hash: null,
16 verbose parsed url   search: null,
16 verbose parsed url   query: null,
16 verbose parsed url   pathname: '*',
16 verbose parsed url   path: '*',
16 verbose parsed url   href: '*' }
17 verbose addNamed [ 'coffee-script', '*' ]
18 verbose addNamed [ null, '*' ]
19 verbose cache add [ 'underscore', '~1.4.4' ]
20 verbose cache add name="underscore" spec="~1.4.4" args=["underscore","~1.4.4"]
21 verbose parsed url { protocol: null,
21 verbose parsed url   slashes: null,
21 verbose parsed url   auth: null,
21 verbose parsed url   host: null,
21 verbose parsed url   port: null,
21 verbose parsed url   hostname: null,
21 verbose parsed url   hash: null,
21 verbose parsed url   search: null,
21 verbose parsed url   query: null,
21 verbose parsed url   pathname: '~1.4.4',
21 verbose parsed url   path: '~1.4.4',
21 verbose parsed url   href: '~1.4.4' }
22 verbose addNamed [ 'underscore', '~1.4.4' ]
23 verbose addNamed [ null, '>=1.4.4-0 <1.5.0-0' ]
24 verbose cache add [ 'ease-component', '~1.0.0' ]
25 verbose cache add name="ease-component" spec="~1.0.0" args=["ease-component","~1.0.0"]
26 verbose parsed url { protocol: null,
26 verbose parsed url   slashes: null,
26 verbose parsed url   auth: null,
26 verbose parsed url   host: null,
26 verbose parsed url   port: null,
26 verbose parsed url   hostname: null,
26 verbose parsed url   hash: null,
26 verbose parsed url   search: null,
26 verbose parsed url   query: null,
26 verbose parsed url   pathname: '~1.0.0',
26 verbose parsed url   path: '~1.0.0',
26 verbose parsed url   href: '~1.0.0' }
27 verbose addNamed [ 'ease-component', '~1.0.0' ]
28 verbose addNamed [ null, '>=1.0.0-0 <1.1.0-0' ]
29 silly lockFile 62f718f3-canvas-1-0-2 canvas@~1.0.2
30 verbose lock canvas@~1.0.2 /Users/osteele/.npm/62f718f3-canvas-1-0-2.lock
31 silly lockFile f812655f-commander-1-1-1 commander@~1.1.1
32 verbose lock commander@~1.1.1 /Users/osteele/.npm/f812655f-commander-1-1-1.lock
33 silly lockFile 7281919f-coffee-script coffee-script@*
34 verbose lock coffee-script@* /Users/osteele/.npm/7281919f-coffee-script.lock
35 silly lockFile 286a8917-underscore-1-4-4 underscore@~1.4.4
36 verbose lock underscore@~1.4.4 /Users/osteele/.npm/286a8917-underscore-1-4-4.lock
37 silly lockFile f900cb2c-ease-component-1-0-0 ease-component@~1.0.0
38 verbose lock ease-component@~1.0.0 /Users/osteele/.npm/f900cb2c-ease-component-1-0-0.lock
39 silly addNameRange { name: 'canvas', range: '>=1.0.2-0 <1.1.0-0', hasData: false }
40 silly addNameRange { name: 'commander',
40 silly addNameRange   range: '>=1.1.1-0 <1.2.0-0',
40 silly addNameRange   hasData: false }
41 silly addNameRange { name: 'ease-component',
41 silly addNameRange   range: '>=1.0.0-0 <1.1.0-0',
41 silly addNameRange   hasData: false }
42 silly addNameRange { name: 'underscore',
42 silly addNameRange   range: '>=1.4.4-0 <1.5.0-0',
42 silly addNameRange   hasData: false }
43 silly addNameRange { name: 'coffee-script', range: '*', hasData: false }
44 verbose url raw canvas
45 verbose url resolving [ 'https://registry.npmjs.org/', './canvas' ]
46 verbose url resolved https://registry.npmjs.org/canvas
47 info trying registry request attempt 1 at 11:08:52
48 verbose etag "79VXTBJVSYSCINA0HZUY7EH5T"
49 http GET https://registry.npmjs.org/canvas
50 verbose url raw ease-component
51 verbose url resolving [ 'https://registry.npmjs.org/', './ease-component' ]
52 verbose url resolved https://registry.npmjs.org/ease-component
53 info trying registry request attempt 1 at 11:08:52
54 verbose etag "A51V973EPMQ32V9ITQGD9UE5V"
55 http GET https://registry.npmjs.org/ease-component
56 verbose url raw underscore
57 verbose url resolving [ 'https://registry.npmjs.org/', './underscore' ]
58 verbose url resolved https://registry.npmjs.org/underscore
59 info trying registry request attempt 1 at 11:08:52
60 verbose etag "5B5TFBCUD4EE1HARVYGBG8GFE"
61 http GET https://registry.npmjs.org/underscore
62 verbose url raw coffee-script
63 verbose url resolving [ 'https://registry.npmjs.org/', './coffee-script' ]
64 verbose url resolved https://registry.npmjs.org/coffee-script
65 info trying registry request attempt 1 at 11:08:52
66 verbose etag "FMB4Y6SCJR32P6J30F565TLM"
67 http GET https://registry.npmjs.org/coffee-script
68 verbose url raw commander
69 verbose url resolving [ 'https://registry.npmjs.org/', './commander' ]
70 verbose url resolved https://registry.npmjs.org/commander
71 info trying registry request attempt 1 at 11:08:52
72 verbose etag "COAKXLWLA8HNB5V417W0DLBKZ"
73 http GET https://registry.npmjs.org/commander
74 http 304 https://registry.npmjs.org/underscore
75 silly registry.get cb [ 304,
75 silly registry.get   { server: 'CouchDB/1.3.1 (Erlang OTP/R15B03)',
75 silly registry.get     etag: '"5B5TFBCUD4EE1HARVYGBG8GFE"',
75 silly registry.get     date: 'Mon, 16 Sep 2013 15:08:54 GMT',
75 silly registry.get     'content-length': '0' } ]
76 verbose etag underscore from cache
77 http 304 https://registry.npmjs.org/ease-component
78 silly registry.get cb [ 304,
78 silly registry.get   { server: 'CouchDB/1.3.1 (Erlang OTP/R15B03)',
78 silly registry.get     etag: '"A51V973EPMQ32V9ITQGD9UE5V"',
78 silly registry.get     date: 'Mon, 16 Sep 2013 15:08:54 GMT',
78 silly registry.get     'content-length': '0' } ]
79 verbose etag ease-component from cache
80 http 304 https://registry.npmjs.org/coffee-script
81 silly registry.get cb [ 304,
81 silly registry.get   { server: 'CouchDB/1.3.1 (Erlang OTP/R15B03)',
81 silly registry.get     etag: '"FMB4Y6SCJR32P6J30F565TLM"',
81 silly registry.get     date: 'Mon, 16 Sep 2013 15:08:54 GMT',
81 silly registry.get     'content-length': '0' } ]
82 verbose etag coffee-script from cache
83 http 304 https://registry.npmjs.org/commander
84 silly registry.get cb [ 304,
84 silly registry.get   { server: 'CouchDB/1.3.1 (Erlang OTP/R15B03)',
84 silly registry.get     etag: '"COAKXLWLA8HNB5V417W0DLBKZ"',
84 silly registry.get     date: 'Mon, 16 Sep 2013 15:08:54 GMT',
84 silly registry.get     'content-length': '0' } ]
85 verbose etag commander from cache
86 http 304 https://registry.npmjs.org/canvas
87 silly registry.get cb [ 304,
87 silly registry.get   { server: 'CouchDB/1.3.1 (Erlang OTP/R15B03)',
87 silly registry.get     etag: '"79VXTBJVSYSCINA0HZUY7EH5T"',
87 silly registry.get     date: 'Mon, 16 Sep 2013 15:08:54 GMT',
87 silly registry.get     'content-length': '0' } ]
88 verbose etag canvas from cache
89 silly addNameRange number 2 { name: 'underscore',
89 silly addNameRange   range: '>=1.4.4-0 <1.5.0-0',
89 silly addNameRange   hasData: true }
90 silly addNameRange versions [ 'underscore',
90 silly addNameRange   [ '1.0.3',
90 silly addNameRange     '1.0.4',
90 silly addNameRange     '1.1.0',
90 silly addNameRange     '1.1.1',
90 silly addNameRange     '1.1.2',
90 silly addNameRange     '1.1.3',
90 silly addNameRange     '1.1.4',
90 silly addNameRange     '1.1.5',
90 silly addNameRange     '1.1.6',
90 silly addNameRange     '1.1.7',
90 silly addNameRange     '1.2.0',
90 silly addNameRange     '1.2.1',
90 silly addNameRange     '1.2.2',
90 silly addNameRange     '1.2.3',
90 silly addNameRange     '1.2.4',
90 silly addNameRange     '1.3.0',
90 silly addNameRange     '1.3.1',
90 silly addNameRange     '1.3.2',
90 silly addNameRange     '1.3.3',
90 silly addNameRange     '1.4.0',
90 silly addNameRange     '1.4.1',
90 silly addNameRange     '1.4.2',
90 silly addNameRange     '1.4.3',
90 silly addNameRange     '1.4.4',
90 silly addNameRange     '1.5.0',
90 silly addNameRange     '1.5.1',
90 silly addNameRange     '1.5.2' ] ]
91 verbose addNamed [ 'underscore', '1.4.4' ]
92 verbose addNamed [ '1.4.4', '1.4.4' ]
93 silly lockFile c6b5e825-underscore-1-4-4 underscore@1.4.4
94 verbose lock underscore@1.4.4 /Users/osteele/.npm/c6b5e825-underscore-1-4-4.lock
95 silly addNameRange number 2 { name: 'ease-component',
95 silly addNameRange   range: '>=1.0.0-0 <1.1.0-0',
95 silly addNameRange   hasData: true }
96 silly addNameRange versions [ 'ease-component', [ '1.0.0' ] ]
97 verbose addNamed [ 'ease-component', '1.0.0' ]
98 verbose addNamed [ '1.0.0', '1.0.0' ]
99 silly lockFile b5b83599-ease-component-1-0-0 ease-component@1.0.0
100 verbose lock ease-component@1.0.0 /Users/osteele/.npm/b5b83599-ease-component-1-0-0.lock
101 silly addNameRange number 2 { name: 'coffee-script', range: '*', hasData: true }
102 silly addNameRange versions [ 'coffee-script',
102 silly addNameRange   [ '0.7.0',
102 silly addNameRange     '0.7.1',
102 silly addNameRange     '0.7.2',
102 silly addNameRange     '0.9.0',
102 silly addNameRange     '0.9.1',
102 silly addNameRange     '0.9.2',
102 silly addNameRange     '0.9.3',
102 silly addNameRange     '0.9.4',
102 silly addNameRange     '0.9.5',
102 silly addNameRange     '0.9.6',
102 silly addNameRange     '1.0.0',
102 silly addNameRange     '1.0.1',
102 silly addNameRange     '1.1.0',
102 silly addNameRange     '1.1.1',
102 silly addNameRange     '1.1.2',
102 silly addNameRange     '1.1.3',
102 silly addNameRange     '1.2.0',
102 silly addNameRange     '1.3.0',
102 silly addNameRange     '1.3.1',
102 silly addNameRange     '1.3.2',
102 silly addNameRange     '1.3.3',
102 silly addNameRange     '1.4.0',
102 silly addNameRange     '1.5.0',
102 silly addNameRange     '1.6.0',
102 silly addNameRange     '1.6.1',
102 silly addNameRange     '1.6.2',
102 silly addNameRange     '1.6.3' ] ]
103 verbose addNamed [ 'coffee-script', '1.6.3' ]
104 verbose addNamed [ '1.6.3', '1.6.3' ]
105 silly lockFile 15ab88ca-coffee-script-1-6-3 coffee-script@1.6.3
106 verbose lock coffee-script@1.6.3 /Users/osteele/.npm/15ab88ca-coffee-script-1-6-3.lock
107 silly addNameRange number 2 { name: 'commander', range: '>=1.1.1-0 <1.2.0-0', hasData: true }
108 silly addNameRange versions [ 'commander',
108 silly addNameRange   [ '0.0.1',
108 silly addNameRange     '0.0.3',
108 silly addNameRange     '0.0.4',
108 silly addNameRange     '0.0.5',
108 silly addNameRange     '0.1.0',
108 silly addNameRange     '0.2.0',
108 silly addNameRange     '0.2.1',
108 silly addNameRange     '0.3.0',
108 silly addNameRange     '0.3.1',
108 silly addNameRange     '0.3.2',
108 silly addNameRange     '0.3.3',
108 silly addNameRange     '0.4.0',
108 silly addNameRange     '0.4.1',
108 silly addNameRange     '0.4.2',
108 silly addNameRange     '0.4.3',
108 silly addNameRange     '0.5.0',
108 silly addNameRange     '0.5.1',
108 silly addNameRange     '0.6.0',
108 silly addNameRange     '0.6.1',
108 silly addNameRange     '0.5.2',
108 silly addNameRange     '1.0.0',
108 silly addNameRange     '1.0.1',
108 silly addNameRange     '1.0.2',
108 silly addNameRange     '1.0.3',
108 silly addNameRange     '1.0.4',
108 silly addNameRange     '1.0.5',
108 silly addNameRange     '1.1.0',
108 silly addNameRange     '1.1.1',
108 silly addNameRange     '1.2.0',
108 silly addNameRange     '1.3.0',
108 silly addNameRange     '1.3.1',
108 silly addNameRange     '1.3.2',
108 silly addNameRange     '2.0.0' ] ]
109 verbose addNamed [ 'commander', '1.1.1' ]
110 verbose addNamed [ '1.1.1', '1.1.1' ]
111 silly lockFile e890879a-commander-1-1-1 commander@1.1.1
112 verbose lock commander@1.1.1 /Users/osteele/.npm/e890879a-commander-1-1-1.lock
113 silly addNameRange number 2 { name: 'canvas', range: '>=1.0.2-0 <1.1.0-0', hasData: true }
114 silly addNameRange versions [ 'canvas',
114 silly addNameRange   [ '0.0.1',
114 silly addNameRange     '0.0.2',
114 silly addNameRange     '0.0.3',
114 silly addNameRange     '0.0.4',
114 silly addNameRange     '0.0.5',
114 silly addNameRange     '0.0.6',
114 silly addNameRange     '0.0.7',
114 silly addNameRange     '0.0.8',
114 silly addNameRange     '0.1.0',
114 silly addNameRange     '0.2.0',
114 silly addNameRange     '0.2.1',
114 silly addNameRange     '0.3.0',
114 silly addNameRange     '0.3.1',
114 silly addNameRange     '0.3.2',
114 silly addNameRange     '0.3.3',
114 silly addNameRange     '0.4.0',
114 silly addNameRange     '0.4.1',
114 silly addNameRange     '0.4.2',
114 silly addNameRange     '0.4.3',
114 silly addNameRange     '0.5.0',
114 silly addNameRange     '0.5.1',
114 silly addNameRange     '0.5.2',
114 silly addNameRange     '0.5.3',
114 silly addNameRange     '0.5.4',
114 silly addNameRange     '0.6.0',
114 silly addNameRange     '0.7.0',
114 silly addNameRange     '0.7.1',
114 silly addNameRange     '0.7.2',
114 silly addNameRange     '0.7.3',
114 silly addNameRange     '0.8.0',
114 silly addNameRange     '0.8.1',
114 silly addNameRange     '0.8.2',
114 silly addNameRange     '0.8.3',
114 silly addNameRange     '0.9.0',
114 silly addNameRange     '0.10.0',
114 silly addNameRange     '0.10.1',
114 silly addNameRange     '0.10.2',
114 silly addNameRange     '0.10.3',
114 silly addNameRange     '0.11.0',
114 silly addNameRange     '0.11.1',
114 silly addNameRange     '0.11.2',
114 silly addNameRange     '0.11.3',
114 silly addNameRange     '0.12.0',
114 silly addNameRange     '0.12.1',
114 silly addNameRange     '0.13.0',
114 silly addNameRange     '0.13.1',
114 silly addNameRange     '1.0.0',
114 silly addNameRange     '1.0.1',
114 silly addNameRange     '1.0.2',
114 silly addNameRange     '1.0.3',
114 silly addNameRange     '1.0.4',
114 silly addNameRange     '1.1.0' ] ]
115 verbose addNamed [ 'canvas', '1.0.4' ]
116 verbose addNamed [ '1.0.4', '1.0.4' ]
117 silly lockFile 375b5385-canvas-1-0-4 canvas@1.0.4
118 verbose lock canvas@1.0.4 /Users/osteele/.npm/375b5385-canvas-1-0-4.lock
119 silly lockFile c6b5e825-underscore-1-4-4 underscore@1.4.4
120 silly lockFile c6b5e825-underscore-1-4-4 underscore@1.4.4
121 silly lockFile b5b83599-ease-component-1-0-0 ease-component@1.0.0
122 silly lockFile b5b83599-ease-component-1-0-0 ease-component@1.0.0
123 silly lockFile 15ab88ca-coffee-script-1-6-3 coffee-script@1.6.3
124 silly lockFile 15ab88ca-coffee-script-1-6-3 coffee-script@1.6.3
125 silly lockFile 286a8917-underscore-1-4-4 underscore@~1.4.4
126 silly lockFile 286a8917-underscore-1-4-4 underscore@~1.4.4
127 silly lockFile f900cb2c-ease-component-1-0-0 ease-component@~1.0.0
128 silly lockFile f900cb2c-ease-component-1-0-0 ease-component@~1.0.0
129 silly lockFile e890879a-commander-1-1-1 commander@1.1.1
130 silly lockFile e890879a-commander-1-1-1 commander@1.1.1
131 silly lockFile 7281919f-coffee-script coffee-script@*
132 silly lockFile 7281919f-coffee-script coffee-script@*
133 silly lockFile f812655f-commander-1-1-1 commander@~1.1.1
134 silly lockFile f812655f-commander-1-1-1 commander@~1.1.1
135 silly lockFile 375b5385-canvas-1-0-4 canvas@1.0.4
136 silly lockFile 375b5385-canvas-1-0-4 canvas@1.0.4
137 silly lockFile 62f718f3-canvas-1-0-2 canvas@~1.0.2
138 silly lockFile 62f718f3-canvas-1-0-2 canvas@~1.0.2
139 error TypeError: Cannot read property 'from' of undefined
139 error     at /usr/local/Cellar/node/0.10.17/lib/node_modules/npm/lib/outdated.js:159:36
139 error     at /usr/local/Cellar/node/0.10.17/lib/node_modules/npm/lib/cache.js:591:30
139 error     at /usr/local/Cellar/node/0.10.17/lib/node_modules/npm/node_modules/lockfile/lockfile.js:55:41
139 error     at Object.oncomplete (fs.js:107:15)
140 error If you need help, you may report this log at:
140 error     <http://github.com/isaacs/npm/issues>
140 error or email it to:
140 error     <npm-@googlegroups.com>
141 error System Darwin 13.0.0
142 error command "/usr/local/Cellar/node/0.10.17/bin/node" "/usr/local/bin/npm" "outdated"
143 error cwd /Users/osteele/Code/fretboard-logic
144 error node -v v0.10.17
145 error npm -v 1.3.8
146 error type non_object_property_load
147 verbose exit [ 1, true ]
